<?xml version="1.0" encoding="UTF-8"?>
<!-- Generated by org.testng.reporters.JUnitReportReporter -->
<testsuite hostname="DESKTOP-P17A15D" failures="0" tests="1" name="testCases.TC03_AddToCart" time="0.168" errors="0" timestamp="2025-05-11T21:47:27 CDT" skipped="0">
  <testcase classname="testCases.TC03_AddToCart" name="testAddToCart" time="0.168"/>
</testsuite> <!-- testCases.TC03_AddToCart -->
