<?xml version="1.0" encoding="UTF-8"?>
<!-- Generated by org.testng.reporters.JUnitReportReporter -->
<testsuite hostname="DESKTOP-P17A15D" failures="0" tests="3" name="testCases.TC01_LaunchApplication" time="0.055" errors="0" timestamp="2025-05-18T19:22:17 CDT" skipped="0">
  <testcase classname="testCases.TC01_LaunchApplication" name="testLaunchApplication" time="0.021"/>
  <testcase classname="testCases.TC01_LaunchApplication" name="testLaunchApplication" time="0.023"/>
  <testcase classname="testCases.TC01_LaunchApplication" name="testLaunchApplication" time="0.011"/>
</testsuite> <!-- testCases.TC01_LaunchApplication -->
