<?xml version="1.0" encoding="UTF-8"?>
<!-- Generated by org.testng.reporters.JUnitReportReporter -->
<testsuite hostname="DESKTOP-P17A15D" failures="0" tests="3" name="testCases.TC06_AddAffiliateNg" time="39.501" errors="0" timestamp="2025-05-18T19:22:17 CDT" skipped="0">
  <testcase classname="testCases.TC06_AddAffiliateNg" name="testAddAffiliate" time="11.541"/>
  <testcase classname="testCases.TC06_AddAffiliateNg" name="testAddAffiliate" time="14.391"/>
  <testcase classname="testCases.TC06_AddAffiliateNg" name="testAddAffiliate" time="13.569"/>
</testsuite> <!-- testCases.TC06_AddAffiliateNg -->
