<?xml version="1.0" encoding="UTF-8"?>
<!-- Generated by org.testng.reporters.JUnitReportReporter -->
<testsuite hostname="DESKTOP-P17A15D" failures="0" tests="15" name="testCases.TC02_Login_Ng" time="28.477" errors="0" timestamp="2025-05-18T19:22:17 CDT" skipped="0">
  <testcase classname="testCases.TC02_Login_Ng" name="testLogin" time="1.999"/>
  <testcase classname="testCases.TC02_Login_Ng" name="testLogin" time="2.164"/>
  <testcase classname="testCases.TC02_Login_Ng" name="testLogin" time="1.583"/>
  <testcase classname="testCases.TC02_Login_Ng" name="testLogin" time="1.742"/>
  <testcase classname="testCases.TC02_Login_Ng" name="testLogin" time="2.231"/>
  <testcase classname="testCases.TC02_Login_Ng" name="testLogin" time="1.628"/>
  <testcase classname="testCases.TC02_Login_Ng" name="testLogin" time="1.552"/>
  <testcase classname="testCases.TC02_Login_Ng" name="testLogin" time="2.913"/>
  <testcase classname="testCases.TC02_Login_Ng" name="testLogin" time="2.746"/>
  <testcase classname="testCases.TC02_Login_Ng" name="testLogin" time="2.009"/>
  <testcase classname="testCases.TC02_Login_Ng" name="testLogin" time="1.542"/>
  <testcase classname="testCases.TC02_Login_Ng" name="testLogin" time="1.552"/>
  <testcase classname="testCases.TC02_Login_Ng" name="testLogin" time="1.599"/>
  <testcase classname="testCases.TC02_Login_Ng" name="testLogin" time="1.705"/>
  <testcase classname="testCases.TC02_Login_Ng" name="testLogin" time="1.512"/>
</testsuite> <!-- testCases.TC02_Login_Ng -->
