<?xml version="1.0" encoding="UTF-8"?>
<!-- Generated by org.testng.reporters.JUnitReportReporter -->
<testsuite hostname="DESKTOP-P17A15D" failures="0" tests="3" name="testCases.TC06_AddAffiliateNg" time="38.375" errors="0" timestamp="2025-05-20T12:42:52 CDT" skipped="0">
  <testcase classname="testCases.TC06_AddAffiliateNg" name="testAddAffiliate" time="13.462"/>
  <testcase classname="testCases.TC06_AddAffiliateNg" name="testAddAffiliate" time="11.972"/>
  <testcase classname="testCases.TC06_AddAffiliateNg" name="testAddAffiliate" time="12.941"/>
</testsuite> <!-- testCases.TC06_AddAffiliateNg -->
