<?xml version="1.0" encoding="UTF-8"?>
<!-- Generated by org.testng.reporters.JUnitReportReporter -->
<testsuite hostname="DESKTOP-P17A15D" failures="0" tests="15" name="testCases.TC02_Login_Ng" time="37.053" errors="0" timestamp="2025-05-20T12:42:52 CDT" skipped="0">
  <testcase classname="testCases.TC02_Login_Ng" name="testLogin" time="1.892"/>
  <testcase classname="testCases.TC02_Login_Ng" name="testLogin" time="3.117"/>
  <testcase classname="testCases.TC02_Login_Ng" name="testLogin" time="1.809"/>
  <testcase classname="testCases.TC02_Login_Ng" name="testLogin" time="3.612"/>
  <testcase classname="testCases.TC02_Login_Ng" name="testLogin" time="4.809"/>
  <testcase classname="testCases.TC02_Login_Ng" name="testLogin" time="2.813"/>
  <testcase classname="testCases.TC02_Login_Ng" name="testLogin" time="2.696"/>
  <testcase classname="testCases.TC02_Login_Ng" name="testLogin" time="1.699"/>
  <testcase classname="testCases.TC02_Login_Ng" name="testLogin" time="1.998"/>
  <testcase classname="testCases.TC02_Login_Ng" name="testLogin" time="2.057"/>
  <testcase classname="testCases.TC02_Login_Ng" name="testLogin" time="2.401"/>
  <testcase classname="testCases.TC02_Login_Ng" name="testLogin" time="1.927"/>
  <testcase classname="testCases.TC02_Login_Ng" name="testLogin" time="2.319"/>
  <testcase classname="testCases.TC02_Login_Ng" name="testLogin" time="2.118"/>
  <testcase classname="testCases.TC02_Login_Ng" name="testLogin" time="1.786"/>
</testsuite> <!-- testCases.TC02_Login_Ng -->
